<?xml version="1.0" encoding="UTF-8"?><testsuite errors="0" failures="1" name="Login feature" skipped="0" tests="1" time="0.71" timestamp="2021-02-16 09:22:50"><testcase name="Validate Invalid User"><failure message="PASSED" type="java.lang.AssertionError">PASSED</failure><system-err>PASSED&#13;
com.feature.steps.Login_Steps.Verify(Login_Steps.java:33)&#13;
com.feature.steps.Login_Steps.user_opened_kpcu_application(Login_Steps.java:40)&#13;
âœ½.user opened kpcu application(Features/login.feature:15)&#13;
</system-err></testcase></testsuite>